\BOOKMARK [1][-]{section.1}{Problem 1}{}% 1
\BOOKMARK [2][-]{subsection.1.1}{\(a\)}{section.1}% 2
\BOOKMARK [2][-]{subsection.1.2}{\(b\)}{section.1}% 3
\BOOKMARK [1][-]{section.2}{Problem 2}{}% 4
\BOOKMARK [2][-]{subsection.2.1}{\(a\)}{section.2}% 5
\BOOKMARK [2][-]{subsection.2.2}{\(b\)}{section.2}% 6
\BOOKMARK [2][-]{subsection.2.3}{\(c\)}{section.2}% 7
\BOOKMARK [2][-]{subsection.2.4}{\(d\)}{section.2}% 8
\BOOKMARK [2][-]{subsection.2.5}{\(e\)}{section.2}% 9
\BOOKMARK [2][-]{subsection.2.6}{\(f\)}{section.2}% 10
\BOOKMARK [1][-]{section.3}{Problem 3}{}% 11
\BOOKMARK [2][-]{subsection.3.1}{\(a\)}{section.3}% 12
\BOOKMARK [2][-]{subsection.3.2}{\(b\)}{section.3}% 13
\BOOKMARK [2][-]{subsection.3.3}{\(c\)}{section.3}% 14
\BOOKMARK [1][-]{section.4}{Problem 4}{}% 15
\BOOKMARK [2][-]{subsection.4.1}{Introduction}{section.4}% 16
\BOOKMARK [2][-]{subsection.4.2}{Problem Formulation}{section.4}% 17
\BOOKMARK [2][-]{subsection.4.3}{Technical Approach}{section.4}% 18
\BOOKMARK [3][-]{subsubsection.4.3.1}{RTAA*}{subsection.4.3}% 19
\BOOKMARK [3][-]{subsubsection.4.3.2}{Bi-directional RRT}{subsection.4.3}% 20
\BOOKMARK [2][-]{subsection.4.4}{Results}{section.4}% 21
\BOOKMARK [2][-]{subsection.4.5}{RTAA*}{section.4}% 22
\BOOKMARK [2][-]{subsection.4.6}{Bi-Directional RRT}{section.4}% 23
